<?xml version="1.0" encoding="UTF-8"?>
<!-- Generated by org.testng.reporters.JUnitReportReporter -->
<testsuite hostname="IN-HYFZ9K3" failures="0" tests="1" name="TestComp.ExtentCls" time="0.375" errors="0" timestamp="2023-01-06T18:56:57 IST" skipped="0">
  <testcase classname="TestComp.ExtentCls" name="login" time="0.375"/>
  <system-out/>
</testsuite> <!-- TestComp.ExtentCls -->
