<?xml version="1.0" encoding="UTF-8"?>
<!-- Generated by org.testng.reporters.JUnitReportReporter -->
<testsuite hostname="IN-HYFZ9K3" failures="0" tests="11" name="VegiTestRun.VegetableKart" time="36.309" errors="0" timestamp="2023-01-07T17:22:04 IST" skipped="0">
  <testcase classname="VegiTestRun.VegetableKart" name="vegitableSearch" time="6.217"/>
  <system-out/>
  <testcase classname="VegiTestRun.VegetableKart" name="incrementBtnCheck" time="0.184"/>
  <system-out/>
  <testcase classname="VegiTestRun.VegetableKart" name="addToKart" time="3.083"/>
  <system-out/>
  <testcase classname="VegiTestRun.VegetableKart" name="GoToCartCheck" time="3.094"/>
  <system-out/>
  <testcase classname="VegiTestRun.VegetableKart" name="CheckOutCheck" time="3.100"/>
  <system-out/>
  <testcase classname="VegiTestRun.VegetableKart" name="PromoFieldCheck" time="3.108"/>
  <system-out/>
  <testcase classname="VegiTestRun.VegetableKart" name="promocodeCheck" time="3.070"/>
  <system-out/>
  <testcase classname="VegiTestRun.VegetableKart" name="PlaceorderCheck" time="3.081"/>
  <system-out/>
  <testcase classname="VegiTestRun.VegetableKart" name="SelectCountryDropDown" time="3.206"/>
  <system-out/>
  <testcase classname="VegiTestRun.VegetableKart" name="ClickCheckBtn" time="3.096"/>
  <system-out/>
  <testcase classname="VegiTestRun.VegetableKart" name="FinalProceedBtn" time="5.070"/>
  <system-out/>
</testsuite> <!-- VegiTestRun.VegetableKart -->
