<?xml version="1.0" encoding="UTF-8"?>
<!-- Generated by org.testng.reporters.JUnitReportReporter -->
<testsuite hostname="IN-HYFZ9K3" failures="0" tests="11" name="testRun.VegetableKart" time="0.000" errors="0" timestamp="2023-10-03T16:47:49 IST" skipped="11">
  <testcase classname="testRun.VegetableKart" name="vegitableSearch" time="0.000">
    <skipped/>
  </testcase> <!-- vegitableSearch -->
  <system-out/>
  <testcase classname="testRun.VegetableKart" name="incrementBtnCheck" time="0.000">
    <skipped/>
  </testcase> <!-- incrementBtnCheck -->
  <system-out/>
  <testcase classname="testRun.VegetableKart" name="addToKart" time="0.000">
    <skipped/>
  </testcase> <!-- addToKart -->
  <system-out/>
  <testcase classname="testRun.VegetableKart" name="GoToCartCheck" time="0.000">
    <skipped/>
  </testcase> <!-- GoToCartCheck -->
  <system-out/>
  <testcase classname="testRun.VegetableKart" name="CheckOutCheck" time="0.000">
    <skipped/>
  </testcase> <!-- CheckOutCheck -->
  <system-out/>
  <testcase classname="testRun.VegetableKart" name="PromoFieldCheck" time="0.000">
    <skipped/>
  </testcase> <!-- PromoFieldCheck -->
  <system-out/>
  <testcase classname="testRun.VegetableKart" name="promocodeCheck" time="0.000">
    <skipped/>
  </testcase> <!-- promocodeCheck -->
  <system-out/>
  <testcase classname="testRun.VegetableKart" name="PlaceorderCheck" time="0.000">
    <skipped/>
  </testcase> <!-- PlaceorderCheck -->
  <system-out/>
  <testcase classname="testRun.VegetableKart" name="SelectCountryDropDown" time="0.000">
    <skipped/>
  </testcase> <!-- SelectCountryDropDown -->
  <system-out/>
  <testcase classname="testRun.VegetableKart" name="ClickCheckBtn" time="0.000">
    <skipped/>
  </testcase> <!-- ClickCheckBtn -->
  <system-out/>
  <testcase classname="testRun.VegetableKart" name="FinalProceedBtn" time="0.000">
    <skipped/>
  </testcase> <!-- FinalProceedBtn -->
  <system-out/>
</testsuite> <!-- testRun.VegetableKart -->
