<?xml version="1.0" encoding="UTF-8"?>
<!-- Generated by org.testng.reporters.JUnitReportReporter -->
<testsuite hostname="IN-HYFZ9K3" failures="0" tests="2" name="testRun.FlightRun" time="0.000" errors="0" timestamp="2023-10-03T16:47:49 IST" skipped="2">
  <testcase classname="testRun.FlightRun" name="FlightSearch" time="0.000">
    <skipped/>
  </testcase> <!-- FlightSearch -->
  <system-out/>
  <testcase classname="testRun.FlightRun" name="FlightRadio" time="0.000">
    <skipped/>
  </testcase> <!-- FlightRadio -->
  <system-out/>
</testsuite> <!-- testRun.FlightRun -->
