<?xml version="1.0" encoding="UTF-8"?>
<!-- Generated by org.testng.reporters.JUnitReportReporter -->
<testsuite hostname="IN-HYFZ9K3" failures="0" tests="11" name="testRun.VegetableKart" time="43.033" errors="0" timestamp="2023-10-03T19:34:05 IST" skipped="0">
  <testcase classname="testRun.VegetableKart" name="vegitableSearch" time="11.471"/>
  <system-out/>
  <testcase classname="testRun.VegetableKart" name="incrementBtnCheck" time="0.692"/>
  <system-out/>
  <testcase classname="testRun.VegetableKart" name="addToKart" time="3.341"/>
  <system-out/>
  <testcase classname="testRun.VegetableKart" name="GoToCartCheck" time="3.234"/>
  <system-out/>
  <testcase classname="testRun.VegetableKart" name="CheckOutCheck" time="3.222"/>
  <system-out/>
  <testcase classname="testRun.VegetableKart" name="PromoFieldCheck" time="3.038"/>
  <system-out/>
  <testcase classname="testRun.VegetableKart" name="promocodeCheck" time="3.241"/>
  <system-out/>
  <testcase classname="testRun.VegetableKart" name="PlaceorderCheck" time="3.039"/>
  <system-out/>
  <testcase classname="testRun.VegetableKart" name="SelectCountryDropDown" time="3.274"/>
  <system-out/>
  <testcase classname="testRun.VegetableKart" name="ClickCheckBtn" time="3.229"/>
  <system-out/>
  <testcase classname="testRun.VegetableKart" name="FinalProceedBtn" time="5.252"/>
  <system-out/>
</testsuite> <!-- testRun.VegetableKart -->
